\BOOKMARK [1][-]{section.1}{Introduction}{}% 1
\BOOKMARK [2][-]{subsection.1.1}{Purpose}{section.1}% 2
\BOOKMARK [2][-]{subsection.1.2}{Scope}{section.1}% 3
\BOOKMARK [2][-]{subsection.1.3}{Definitions, Acronyms and Abbreviations}{section.1}% 4
\BOOKMARK [2][-]{subsection.1.4}{References}{section.1}% 5
\BOOKMARK [2][-]{subsection.1.5}{Overview}{section.1}% 6
\BOOKMARK [1][-]{section.2}{Overall Description}{}% 7
\BOOKMARK [2][-]{subsection.2.1}{Use-Case Model Survey}{section.2}% 8
\BOOKMARK [2][-]{subsection.2.2}{Product Perspective}{section.2}% 9
\BOOKMARK [2][-]{subsection.2.3}{Product Functions}{section.2}% 10
\BOOKMARK [2][-]{subsection.2.4}{User characteristics}{section.2}% 11
\BOOKMARK [2][-]{subsection.2.5}{Constraints}{section.2}% 12
\BOOKMARK [2][-]{subsection.2.6}{Assumptions and Dependencies}{section.2}% 13
\BOOKMARK [2][-]{subsection.2.7}{requirements subsets}{section.2}% 14
\BOOKMARK [1][-]{section.3}{Specific Requirements}{}% 15
\BOOKMARK [2][-]{subsection.3.1}{Functionality}{section.3}% 16
\BOOKMARK [3][-]{subsubsection.3.1.1}{Registrieren}{subsection.3.1}% 17
\BOOKMARK [3][-]{subsubsection.3.1.2}{Login}{subsection.3.1}% 18
\BOOKMARK [3][-]{subsubsection.3.1.3}{Soziales Netzwerk hinzuf\374gen}{subsection.3.1}% 19
\BOOKMARK [3][-]{subsubsection.3.1.4}{Soziales Netzwerk \344ndern/entfernen}{subsection.3.1}% 20
\BOOKMARK [3][-]{subsubsection.3.1.5}{Bei sozialen Netzwerk registrieren}{subsection.3.1}% 21
\BOOKMARK [3][-]{subsubsection.3.1.6}{Nachrichten Filtern}{subsection.3.1}% 22
\BOOKMARK [3][-]{subsubsection.3.1.7}{Post verfassen}{subsection.3.1}% 23
\BOOKMARK [3][-]{subsubsection.3.1.8}{Userdaten verwalten}{subsection.3.1}% 24
\BOOKMARK [3][-]{subsubsection.3.1.9}{Premiumaccount kaufen}{subsection.3.1}% 25
\BOOKMARK [3][-]{subsubsection.3.1.10}{Nachrichtenverlauf ansehen}{subsection.3.1}% 26
\BOOKMARK [3][-]{subsubsection.3.1.11}{Werbung schalten}{subsection.3.1}% 27
\BOOKMARK [3][-]{subsubsection.3.1.12}{Ereignis bewerben}{subsection.3.1}% 28
\BOOKMARK [3][-]{subsubsection.3.1.13}{Nachrichten verschicken}{subsection.3.1}% 29
\BOOKMARK [2][-]{subsection.3.2}{Usability}{section.3}% 30
\BOOKMARK [3][-]{subsubsection.3.2.1}{Benutzeroberfl\344che}{subsection.3.2}% 31
\BOOKMARK [2][-]{subsection.3.3}{Reliability}{section.3}% 32
\BOOKMARK [3][-]{subsubsection.3.3.1}{Erreichbarkeit}{subsection.3.3}% 33
\BOOKMARK [2][-]{subsection.3.4}{Performance}{section.3}% 34
\BOOKMARK [3][-]{subsubsection.3.4.1}{Antwortzeit}{subsection.3.4}% 35
\BOOKMARK [2][-]{subsection.3.5}{Supportability}{section.3}% 36
\BOOKMARK [2][-]{subsection.3.6}{Design Constraints}{section.3}% 37
\BOOKMARK [3][-]{subsubsection.3.6.1}{Spring}{subsection.3.6}% 38
\BOOKMARK [3][-]{subsubsection.3.6.2}{Hibernate}{subsection.3.6}% 39
\BOOKMARK [3][-]{subsubsection.3.6.3}{Vaadin}{subsection.3.6}% 40
\BOOKMARK [3][-]{subsubsection.3.6.4}{Git}{subsection.3.6}% 41
\BOOKMARK [3][-]{subsubsection.3.6.5}{Lombok}{subsection.3.6}% 42
\BOOKMARK [3][-]{subsubsection.3.6.6}{Jenkins}{subsection.3.6}% 43
\BOOKMARK [3][-]{subsubsection.3.6.7}{Maven}{subsection.3.6}% 44
\BOOKMARK [2][-]{subsection.3.7}{On-line User Documentation and Help System Requirements}{section.3}% 45
\BOOKMARK [2][-]{subsection.3.8}{Purchased Components}{section.3}% 46
\BOOKMARK [2][-]{subsection.3.9}{Interfaces}{section.3}% 47
\BOOKMARK [3][-]{subsubsection.3.9.1}{User Interfaces}{subsection.3.9}% 48
\BOOKMARK [3][-]{subsubsection.3.9.2}{Hardware Interfaces}{subsection.3.9}% 49
\BOOKMARK [3][-]{subsubsection.3.9.3}{Software Interfaces}{subsection.3.9}% 50
\BOOKMARK [3][-]{subsubsection.3.9.4}{Communications Interfaces}{subsection.3.9}% 51
\BOOKMARK [2][-]{subsection.3.10}{Licensing Requirements}{section.3}% 52
\BOOKMARK [2][-]{subsection.3.11}{Legal, Copyright and other Notices}{section.3}% 53
\BOOKMARK [2][-]{subsection.3.12}{Applicable Standards}{section.3}% 54
\BOOKMARK [1][-]{section.4}{Supporting Information}{}% 55
